c:\users\lambadelta\appdata\local\microsoft\windows\wer\reportarchive\appcrash_cl.exe_e6c4a1c05e2d894116994a729ea095295efe508d_1812f09d\report.wer
c:\users\lambadelta\documents\visual studio 2013\projects\sdl\sdl\debug\vc120.pdb
c:\users\lambadelta\documents\visual studio 2013\projects\sdl\sdl\debug\vc120.idb
c:\users\lambadelta\documents\visual studio 2013\projects\sdl\sdl\debug\texture.obj
c:\users\lambadelta\documents\visual studio 2013\projects\sdl\sdl\debug\sdl main.obj
c:\users\lambadelta\documents\visual studio 2013\projects\sdl\sdl\debug\animation.obj
c:\users\lambadelta\documents\visual studio 2013\projects\sdl\sdl\debug\loadtexture.obj
c:\users\lambadelta\documents\visual studio 2013\projects\sdl\sdl\debug\sprite.obj
c:\users\lambadelta\documents\visual studio 2013\projects\sdl\sdl\debug\application.obj
c:\users\lambadelta\documents\visual studio 2013\projects\sdl\sdl\debug\entity.obj
c:\users\lambadelta\documents\visual studio 2013\projects\sdl\debug\sdl.ilk
c:\users\lambadelta\documents\visual studio 2013\projects\sdl\debug\sdl.exe
c:\users\lambadelta\documents\visual studio 2013\projects\sdl\debug\sdl.pdb
c:\users\lambadelta\documents\visual studio 2013\projects\sdl\sdl\debug\sdl.tlog\cl-dw20-dwwin.read.2.tlog
c:\users\lambadelta\documents\visual studio 2013\projects\sdl\sdl\debug\sdl.tlog\cl-dw20-dwwin.read.5.tlog
c:\users\lambadelta\documents\visual studio 2013\projects\sdl\sdl\debug\sdl.tlog\cl-dw20-dwwin.read.7.tlog
c:\users\lambadelta\documents\visual studio 2013\projects\sdl\sdl\debug\sdl.tlog\cl-dw20-dwwin.write.2.tlog
c:\users\lambadelta\documents\visual studio 2013\projects\sdl\sdl\debug\sdl.tlog\cl-dw20.read.1.tlog
c:\users\lambadelta\documents\visual studio 2013\projects\sdl\sdl\debug\sdl.tlog\cl.command.1.tlog
c:\users\lambadelta\documents\visual studio 2013\projects\sdl\sdl\debug\sdl.tlog\cl.read.1.tlog
c:\users\lambadelta\documents\visual studio 2013\projects\sdl\sdl\debug\sdl.tlog\cl.write.1.tlog
c:\users\lambadelta\documents\visual studio 2013\projects\sdl\sdl\debug\sdl.tlog\link.command.1.tlog
c:\users\lambadelta\documents\visual studio 2013\projects\sdl\sdl\debug\sdl.tlog\link.read.1.tlog
c:\users\lambadelta\documents\visual studio 2013\projects\sdl\sdl\debug\sdl.tlog\link.write.1.tlog
